<?xml version="1.0" encoding="UTF-8"?>
<!-- Generated by org.testng.reporters.JUnitReportReporter -->
<testsuite hostname="IN-PG02NM89" failures="0" tests="1" name="Test.TestPractice.Shadowdom1" time="0.089" errors="0" timestamp="2023-11-23T13:23:54 IST" skipped="0">
  <testcase classname="Test.TestPractice.Shadowdom1" name="ShadowdomSet1" time="0.089"/>
</testsuite> <!-- Test.TestPractice.Shadowdom1 -->
