<?xml version="1.0" encoding="UTF-8"?>
<!-- Generated by org.testng.reporters.JUnitReportReporter -->
<testsuite hostname="IN-PG02NM89" failures="0" tests="2" name="pg.util.APIQuery" time="2.667" errors="0" timestamp="2024-04-02T15:27:16 IST" skipped="1">
  <testcase classname="pg.util.APIQuery" name="GetURL" time="2.667"/>
  <testcase classname="pg.util.APIQuery" name="GetBooksDetails">
    <skipped/>
  </testcase> <!-- GetBooksDetails -->
</testsuite> <!-- pg.util.APIQuery -->
