<?xml version="1.0" encoding="UTF-8"?>
<!-- Generated by org.testng.reporters.JUnitReportReporter -->
<testsuite hostname="IN-PG02NM89" failures="0" tests="1" name="pg.util.API" time="3.423" errors="0" timestamp="2024-04-08T15:04:03 IST" skipped="0">
  <testcase classname="pg.util.API" name="getUrl" time="3.423"/>
</testsuite> <!-- pg.util.API -->
