<?xml version="1.0" encoding="UTF-8"?>
<!-- Generated by org.testng.reporters.JUnitReportReporter -->
<testsuite hostname="IN-PG02NM89" failures="0" tests="1" name="PG.QA.TestBase" time="4.284" errors="0" timestamp="2023-08-22T19:33:26 IST" skipped="0">
  <testcase classname="PG.QA.TestBase" name="beforeMethodMethod" time="4.284"/>
  <system-out/>
</testsuite> <!-- PG.QA.TestBase -->
