<?xml version="1.0" encoding="UTF-8"?>
<!-- Generated by org.testng.reporters.JUnitReportReporter -->
<testsuite hostname="IN-PG02NM89" failures="0" tests="1" name="PG.QA.Shadowdom1" time="0.080" errors="0" timestamp="2023-11-23T13:12:36 IST" skipped="0">
  <testcase classname="PG.QA.Shadowdom1" name="ShadowdomSet1" time="0.080"/>
  <system-out/>
</testsuite> <!-- PG.QA.Shadowdom1 -->
