<?xml version="1.0" encoding="UTF-8"?>
<!-- Generated by org.testng.reporters.JUnitReportReporter -->
<testsuite hostname="IN-PG02NM89" failures="0" tests="10" name="PG.QA.E2E_PayByCard" time="46.533" errors="0" timestamp="2024-09-04T17:13:55 IST" skipped="0">
  <testcase classname="PG.QA.E2E_PayByCard" name="isPayByCardEnable" time="3.508"/>
  <testcase classname="PG.QA.E2E_PayByCard" name="isPayByCardEnable" time="3.618"/>
  <testcase classname="PG.QA.E2E_PayByCard" name="ClickPayByCard" time="1.237"/>
  <testcase classname="PG.QA.E2E_PayByCard" name="ClickPayByCard" time="1.662"/>
  <testcase classname="PG.QA.E2E_PayByCard" name="InitiatePayment" time="7.549"/>
  <testcase classname="PG.QA.E2E_PayByCard" name="InitiatePayment" time="9.083"/>
  <testcase classname="PG.QA.E2E_PayByCard" name="EnterOTP" time="3.379"/>
  <testcase classname="PG.QA.E2E_PayByCard" name="EnterOTP" time="4.841"/>
  <testcase classname="PG.QA.E2E_PayByCard" name="VerifySuccessPage" time="5.689"/>
  <testcase classname="PG.QA.E2E_PayByCard" name="VerifySuccessPage" time="5.967"/>
</testsuite> <!-- PG.QA.E2E_PayByCard -->
